Skipped line. No motif ID found. Original line: N135.3.	The luck-bringing shirt. The king is to become lucky when he puts on the shirt of a lucky man. The only man who says that he is lucky has no shirt. U0-
Skipped line. No motif ID found. Original line: U99.	Life's inequalities. UO. Life's inequalities.
Skipped line. No motif ID found. Original line: A1599.8.	Inequalities of fortune among men.
Skipped line. No motif ID found. Original line: A1618.	Origin of inequalities among men.
Skipped line. No motif ID found. Original line: U10.	Justice and injustice.
Skipped line. No motif ID found. Original line: D1318.1.1.	Stone bursts as sign of unjust judgment.
Skipped line. No motif ID found. Original line: D1318.2.1.	Laughing fish reveals unjust judgment.
Skipped line. No motif ID found. Original line: J230.	Real and apparent values.
Skipped line. No motif ID found. Original line: J1170.	Clever judicial decisions.
Skipped line. No motif ID found. Original line: T575.1.1.3.	Child in mother's womb reveals unjust judgment.
Skipped line. No motif ID found. Original line: U119.1.2.	At a hanging the witnesses are bigger thieves than the culprit.
Skipped line. No motif ID found. Original line: W35.	Justice.
Skipped line. No motif ID found. Original line: U11.	Small trespasses punished; large crimes condoned.
Skipped line. No motif ID found. Original line: U11.1.	Ass punished for stealing mouthful of grass; lion and wolf for- given for eating sheep. Wesselski Mönchslatein 71 No. 61.
Skipped line. No motif ID found. Original line: U11.1.1.	Animals confess sins to one another: fox and wolf forgive each other; punish ass. (Cf.
Skipped line. No motif ID found. Original line: V20.	) *Pauli (ed. Bolte) No. 350.
Skipped line. No motif ID found. Original line: U11.1.1.1.	Animals confess sins to lion holding court. All the powerful animals forgiven. Ass and lamb are punished. Italian Novella: Ro- tunda.
Skipped line. No motif ID found. Original line: U11.1.1.2.	Penitent in confession worries about little sins and belittles the big ones. *Wesselski Arlotto I 191 No. 17; Italian Novella: Ro- tunda.
Skipped line. No motif ID found. Original line: U11.2.	He who steals much called king; he who steals little called rob- ber. *Pauli (ed. Bolte) No. 351; Scala Celi 20a No. 120; Alphabet No. 334; Spanish Exempla: Keller.
Skipped line. No motif ID found. Original line: U11.2.1.	Wolf punished for theft; kings honored. Wesselski Bebel II 126 No. 82.
Skipped line. No motif ID found. Original line: U12.	Largest burdens laid on smallest asses: best offices to most igno- rant men. *Wesselski Bebel II 121 No. 64.
Skipped line. No motif ID found. Original line: U14.	Unworthy *Rotunda. rewarded instead of the worthy. Italian Novella:
Skipped line. No motif ID found. Original line: U15.	Fool laughs at the absurdities he sees about him. (1) Sees a man who is to die that day buy shoes. (2) Sees sheriff leading a man to the gallows: a big thief leading a little one. (3) Sees farmer weeping at funeral of his child, while priest (the real father) sings. Wessel- ski Mönchslatein 193 No. 153.
Skipped line. No motif ID found. Original line: N456.	Enigmatical smile (laugh) reveals secret knowledge.   ## p. 419 (#423) ############################################  U. The nature of life 419
Skipped line. No motif ID found. Original line: U15.0.1.	Dwarf king (fairy) laughs at the absurdities he sees about him. (1) Sees man who is to die that day complain that his shoes are too thin. (Cf.
Skipped line. No motif ID found. Original line: J2174.	) (2) Sees women adorn their heads when they are immoral below. (Cf.
Skipped line. No motif ID found. Original line: J2050.	) (3) Sees man remove from his wife's garment dust gathered while she lay with another man. (Cf.
Skipped line. No motif ID found. Original line: J2301.3.	) (4) Sees persons making plans while forgetting to say, "If God wills." Irish myth: *Cross.
Skipped line. No motif ID found. Original line: U15.1.	Philosopher laughs at the vanities and sins of the world. His companion weeps. Spanish: Childers.
Skipped line. No motif ID found. Original line: U18.	The fathers have eaten sour grapes and the children's teeth are set on edge. Jewish: Neuman.
Skipped line. No motif ID found. Original line: U21.	Justice depends on the point of view.
Skipped line. No motif ID found. Original line: U21.1.	Hen complains that man eats her, but she eats ant. Indonesia: DeVries's list No. 101.
Skipped line. No motif ID found. Original line: U21.2.	A gift of property silences criticism. A priest who has preached against lucrative places given the clergy is silent when he receives one. Pauli (ed. Bolte) No. 546.
Skipped line. No motif ID found. Original line: U21.3.	Man complains of injustice of gods' wrecking ship because of one man's sin. He then kills whole swarm of ants because one has stung him. Wienert FFC LVI 77 (ET 429), 103 (ST 161); Halm No. 118; Irish: O'Suilleabhain 11, Beal XXI 305.
Skipped line. No motif ID found. Original line: U21.4.	Wolf objects to lion stealing sheep from him although he has himself stolen it. Wienert FFC LVI 55 (ET 148), 129 (ST 366); Halm No. 279.
Skipped line. No motif ID found. Original line: U21.5.	Judge reduces penalty when accused is his own son. India: Thompson-Balys.
Skipped line. No motif ID found. Original line: U25.	Theft to avoid starvation forgiven. *Chauvin II 126 No. 128.
Skipped line. No motif ID found. Original line: U27.	Swallow killed in court house by snake laments injustice in house of justice. Wienert FFC LVI 50 (ET 100), 140 (ST 464); Halm No. 418.
Skipped line. No motif ID found. Original line: U30.	Rights of the strong. Wienert FFC LVI 147.
Skipped line. No motif ID found. Original line: J810.	Policy in dealing with the great.
Skipped line. No motif ID found. Original line: J910.	Humility of the great.
Skipped line. No motif ID found. Original line: J950.	Presumption of the lowly.
Skipped line. No motif ID found. Original line: J1909.1.	Fisherman fails to make fish dance to his flute. Later in his net they jump about without the aid of the flute.
Skipped line. No motif ID found. Original line: U31.	Wolf unjustly accuses lamb and eats him. When all the lamb's defenses are good the wolf asserts the right of the strong over the weak. (Usually accused of stirring up water from lower in stream.) (Cf.
Skipped line. No motif ID found. Original line: U141.	) Wienert FFC LVI 50 (ET 97), 148 (ST 526); Halm Aesop No. 274; *Crane Vitry 191 No. 135; Herbert III 12; Alphabet No. 631; Jacobs Aesop 199 No. 2; Italian Novella: Rotunda; Indonesia: DeVries's list No. 83 (monkey and goat).
Skipped line. No motif ID found. Original line: U31.1.	Cat unjustly accuses cock and eats him. Although all the cock's defenses are good the cat tells him that she can no longer go hungry and eats him. Italian Novella: Rotunda.
Skipped line. No motif ID found. Original line: U31.2.	Crow exercises rights of strong over dove who cannot defend self. Dove at crow's request sings to save her brood which crow kills after song. Spanish Exempla: Keller.
Skipped line. No motif ID found. Original line: U32.	Smallness of offense no excuse when hunter prepares to kill lark. She has stolen but a single grain of wheat. Wienert FFC LVI 64 (ET 273), 146 (ST 513); Halm Aesop No. 209. 27*   ## p. 420 (#424) ############################################  420 Motif-Index of Folk-Literature
Skipped line. No motif ID found. Original line: U33.	Cock killed by his captors in spite of his plea of usefulness to man. Wienert FFC LVI 49, 64 (ET 88, 280, 281), 146, 148 (ST 514, 527, 528); Halm Aesop Nos. 14, 195, 341.
Skipped line. No motif ID found. Original line: U34.	Nobleman murders one of the people. Goes unpunished. Italian Novella: Rotunda.
Skipped line. No motif ID found. Original line: U34.1.	Nobleman who kills one of the people is brought to justice only after long delay. Italian Novella: Rotunda.
Skipped line. No motif ID found. Original line: U35.	Rich man (king) seizes poor widow's (nun's) cow. Herbert III 40ff. No. 39; Hervieux IV No. 40; Irish myth: *Cross.
Skipped line. No motif ID found. Original line: U35.1.	King seizes old woman's cow. Irish myth: *Cross.
Skipped line. No motif ID found. Original line: U35.1.1.	King seizes poor man's lamb. Jewish: Neuman.
Skipped line. No motif ID found. Original line: U35.2.	Nobles ruin peasant's (widow's) crops with impunity. India: *Thompson-Balys.
Skipped line. No motif ID found. Original line: U36.	Lion cub killed by bull gives lioness no right to complain. Wienert FFC LVI 50 (ET 92), 129 (ST 367); Halm Aesop No. 395.
Skipped line. No motif ID found. Original line: U37.	Wolf as commander orders all booty divided, but keeps his own. Wienert FFC LVI 47 (ET 58), 103 (ST 157); Halm Aesop No. 281.
Skipped line. No motif ID found. Original line: J811.1.	The lion's share.
Skipped line. No motif ID found. Original line: U38.	Ruler exiles subject for trivial remark. Italian Novella: Rotunda.
Skipped line. No motif ID found. Original line: U41.	Ruler forces bishop to ordain ignorant priest. Italian Novella: Rotunda.
Skipped line. No motif ID found. Original line: U42.	Praise what your master likes and scorn what he dislikes. India: Thompson-Balys.
Skipped line. No motif ID found. Original line: U60.	Wealth and poverty.
Skipped line. No motif ID found. Original line: U61.	Dividing after God's fashion: little to poor, much to rich. *Wessel- ski Hodscha Nasreddin II 233 No. 509, Bebel I 232 No. 149, Mensa Philosophica No. 63.
Skipped line. No motif ID found. Original line: U63.	Priest has no friends until he becomes bishop: then they flock to him. Pauli (ed. Bolte) No. 421.
Skipped line. No motif ID found. Original line: U65.	Wealth is relative: beggar with horse, wife, or dog considered rich by poorer beggar. Pauli (ed. Bolte) No. 612.
Skipped line. No motif ID found. Original line: U65.1.	Grass serves as pleasant couch for poor. Jewish: Neuman.
Skipped line. No motif ID found. Original line: U66.	Every man has his price.
Skipped line. No motif ID found. Original line: U66.1.	Every woman has her price.
Skipped line. No motif ID found. Original line: U66.1.1.	Bid raised for queen's favors until she hesitates. Jester replies, "If a man have goods enough, he might have a sovereign lady." Eng- land, U.S.: *Baughman.
Skipped line. No motif ID found. Original line: U67.	Jester takes cow and tells king people have plenty of milk, for "he who is warm thinks everyone else is." India: Thompson-Balys.
Skipped line. No motif ID found. Original line: U68.	Optimist becomes pessimist when his money is stolen. India: Thompson-Balys.
Skipped line. No motif ID found. Original line: U71.	Man so constantly enriched by God that he cannot give all his goods to the poor. Herbert III 7; Crane Vitry 175 No. 97.   ## p. 421 (#425) ############################################  U. The nature of life 421
Skipped line. No motif ID found. Original line: U81.	Great possessions bring great risks. Jewish: Neuman.
Skipped line. No motif ID found. Original line: U81.1.	Dove's pride in her large brood linked with fear for their loss. Wienert FFC LVI 44 (ET 21), 141 (ST 470); Halm Aesop No. 358.
Skipped line. No motif ID found. Original line: U83.	King in exile neglected, but courted when he regains throne. India: Thompson-Balys.
Skipped line. No motif ID found. Original line: U84.	Price of object depends on where it is on sale. India: Thompson- Balys. U100-
Skipped line. No motif ID found. Original line: U299.	The nature of life-miscellaneous motifs.
Skipped line. No motif ID found. Original line: U110.	Appearances deceive. Wienert FFC LVI 123.
Skipped line. No motif ID found. Original line: K1800.	Deception by disguise or illusion.
Skipped line. No motif ID found. Original line: U111.	Many books do not make a scholar. Pauli (ed. Bolte) No. 608.
Skipped line. No motif ID found. Original line: U111.1.	Many books do not make a scholar: youth tricks mother by carrying many books. Pierre Fai-feu No. 3.
Skipped line. No motif ID found. Original line: U112.	Beard on she-goats do not make a male. Wienert FFC LVI 77 (ET 431), 124 (ST 332).
Skipped line. No motif ID found. Original line: U113.	Big voice: little creature. (Frogs, crickets.) Wienert FFC LVI 61, *66 (ET 232, 304), 123 (ST 321, 322); Halm Aesop Nos. 172, 248.
Skipped line. No motif ID found. Original line: U114.	Mountain in labor brings forth a mouse. Wienert FFC LVI *44 (ET 24), *101 (ST 141); Jacobs Aesop 203 No. 14; Spanish Exempla: Keller.
Skipped line. No motif ID found. Original line: U115.	The skeleton in the closet. An apparently happy man lets another see the actual misery of his existence. Pauli (ed. Bolte) No. 223.
Skipped line. No motif ID found. Original line: U115.1.	Apparently happy woman discloses the skeleton of her slain paramour. Italian Novella: *Rotunda.
Skipped line. No motif ID found. Original line: H1195.	Task: having woman free from worries make a shirt.
Skipped line. No motif ID found. Original line: U116.	Hypocrite is acclaimed as saint after his death. Italian Novella: *Rotunda.
Skipped line. No motif ID found. Original line: U117.	Man rejects bride because she seems immature. Her father reas- sures him that she has had several children already. Italian Novella: Rotunda.
Skipped line. No motif ID found. Original line: J2427.	Numskull praises his daughter as being pregnant.
Skipped line. No motif ID found. Original line: U119.	Other ways in which appearances deceive. Italian Novella: Ro- tunda.
Skipped line. No motif ID found. Original line: U119.1.	Revelations of a satyr. Italian Novella: Rotunda.
Skipped line. No motif ID found. Original line: B24.1.	Satyr reveals woman's infidelity.
Skipped line. No motif ID found. Original line: U119.1.1.	At a funeral of a child a satyr reveals that the real father (officiating priest) sings while the cuckold weeps. (Cf.
Skipped line. No motif ID found. Original line: U15.	) Italian Novella: Rotunda.
Skipped line. No motif ID found. Original line: U119.1.2.	At a hanging the witnesses are bigger thieves than the culprit. (Cf.
Skipped line. No motif ID found. Original line: U10.	) Italian Novella: Rotunda.
Skipped line. No motif ID found. Original line: U119.2.	Peasant wishes to exchange places with monks. Thinks they lead a very easy life. One night's experience in the monastery makes him change his mind. Italian Novella: Rotunda.   ## p. 422 (#426) ############################################  422 Motif-Index of Folk-Literature
Skipped line. No motif ID found. Original line: U119.3.	Handsome exterior does not indicate beautiful soul. Angel holds nose when handsome sinner passes. Spanish Exempla: Keller.
Skipped line. No motif ID found. Original line: U119.4.	An ugly face does not mean an ugly soul. A noble and holy man who is very ugly is proved to be a saintly soul. Spanish Ex- empla: Keller.
Skipped line. No motif ID found. Original line: U119.5.	Stories to show that one's name does not alter his condition. India: Thompson-Balys.
Skipped line. No motif ID found. Original line: U120.	Nature will show itself.
Skipped line. No motif ID found. Original line: J512.	Animal should not try to change his nature.
Skipped line. No motif ID found. Original line: J1908.	Absurd attempt to change animal nature.
Skipped line. No motif ID found. Original line: U121.	Like parent, like child.
Skipped line. No motif ID found. Original line: U121.1.	Crab walks backward: learned from his parents. *Crane Vitry 152 No. 44; Wienert FFC LVI *63 (ET 258), *103 (ST 159); Halm Aesop No. 187.
Skipped line. No motif ID found. Original line: U121.2.	Hind, like his mother, flees before the hounds. Useless for her to urge him to stand up against them. Wienert FFC LVI *63 (ET 256), 103 (ST 158, 501); Halm Aesop No. 130.
Skipped line. No motif ID found. Original line: U121.3.	Farmer's son and noble's reared in country. The former takes to toil on farm, the latter to riding and hunting. Spanish Exempla: Keller.
Skipped line. No motif ID found. Original line: U121.4.	Alleged son of king proved to be bastard when he displays ha- bits of his true father. Spanish Exempla: Keller.
Skipped line. No motif ID found. Original line: U121.5.	Father, like son, acts foolishly at king's court. India: Thomp- son-Balys.
Skipped line. No motif ID found. Original line: U121.6.	Butcher's son becomes cruel and atrocious ruler. India: Thomp- son-Balys.
Skipped line. No motif ID found. Original line: U122.	Dungbeetle prefers his dunghill to all other smells. Wienert FFC LVI 60 (ET 217), 119 (ST 292); Halm Aesop No. 185; Herbert III 35ff.; India: Thompson-Balys.
Skipped line. No motif ID found. Original line: U122.1.	Beetles treated with as much honor as oxen will not learn to act as oxen. Spanish Exempla: Keller.
Skipped line. No motif ID found. Original line: U123.	Hog goes to bath but wallows in the mud. Chauvin III 39 No. 2.
Skipped line. No motif ID found. Original line: U124.	Scorpion, in spite of himself, stings the turtle carrying him across the stream. Is drowned. *Chauvin II 117 No. 95.
Skipped line. No motif ID found. Original line: U125.
Skipped line. No motif ID found. Original line: K952.1.	Ungrateful river-passenger kills carrier from within. Wolf loses interest in the sermon when he sees a flock of sheep. A dervish preaches to him. Chauvin II 125 No. 123; Scala Celi 50b No. 285; Spanish Exempla: Keller.
Skipped line. No motif ID found. Original line: U125.1.	Heron (crane) loses interest in heaven if there are no snails. India: *Thompson-Balys.
Skipped line. No motif ID found. Original line: U126.	Dog allowed to warm self in house begins to bark. Is chased off. Chauvin III 39 No. 1.
Skipped line. No motif ID found. Original line: A2232.8.	Dogs' embassy to Zeus chased off.
Skipped line. No motif ID found. Original line: J581.1.	Wolf as dog's guest sings.
Skipped line. No motif ID found. Original line: J2137.6.	Camel and ass together captured because of ass's singing.
Skipped line. No motif ID found. Original line: J2351.	Animal betrays himself to his enemies by talking.
Skipped line. No motif ID found. Original line: Q433.3.	Zeus has embassy of dogs imprisoned for fouling his court.
Skipped line. No motif ID found. Original line: U127.	Fawn, in spite of his fine horns, runs from the dog. Wienert FFC LVI 63 (ET 257), 89 (ST 12): Halm Aesop No. 303.
Skipped line. No motif ID found. Original line: U128.	Tiger son of human mother scratches her and licks her blood. India: Thompson-Balys.   ## p. 423 (#427) ############################################  U. The nature of life 423
Skipped line. No motif ID found. Original line: U128.1.	Tiger father of human child licks its blood. India: Thompson- Balys.
Skipped line. No motif ID found. Original line: U129.	Nature will show itself-miscellaneous.
Skipped line. No motif ID found. Original line: U129.1.	Thieving nature of the fox will show itself. Nouvelles Récréa- tions No. 29.
Skipped line. No motif ID found. Original line: U129.2.	Prostitute will deceive new lover as always. India: Thompson- Balys.
Skipped line. No motif ID found. Original line: U129.3.	Washerman as minister thinks of washing and fails the king. India: Thompson-Balys.
Skipped line. No motif ID found. Original line: U130.	The power of habit. Wienert FFC LVI 111.
Skipped line. No motif ID found. Original line: J2527.	Thief out of habit robs from his own purse.
Skipped line. No motif ID found. Original line: U130.1.	Newly rich cannot resist call for distribution of food to beggars. India: Thompson-Balys.
Skipped line. No motif ID found. Original line: U131.	Familiarity takes away fear.
Skipped line. No motif ID found. Original line: U131.1.	Fox finally converses with lion whom he had feared at first. Wienert FFC LVI 60 (ET 224), 111 (ST 224); Halm Aesop No. 39; Jacobs Aesop 208 No. 34.
Skipped line. No motif ID found. Original line: U131.2.	Men at first frightened at camel take him into their service. Wienert FFC LVI 66 (ET 306), 111 (ST 224); Halm Aesop No. 180.
Skipped line. No motif ID found. Original line: U133.	Man soon learns to stand the smells of the tannery. Wienert FFC LVI 81 (ET 474), 111 (ST 226); Halm Aesop No. 368; India: Thomp- son-Balys.
Skipped line. No motif ID found. Original line: U133.1.	Farmer prefers stable smells to flowers. Latter make him ill. Wesselski Mönchslatein 13 No. 8; Spanish Exempla: Keller.
Skipped line. No motif ID found. Original line: U134.	Knight doesn't want to go to heaven if there are no hunting dogs there. Spanish Exempla: Keller.
Skipped line. No motif ID found. Original line: U135.	Longing for accustomed food and living.
Skipped line. No motif ID found. Original line: U135.1.	At feast cat chooses rat meat; other animals cannot eat it. Spanish Exempla: Keller.
Skipped line. No motif ID found. Original line: U135.2.	Shepherd in king's palace sickens for country air. India: Thomp- son-Balys.
Skipped line. No motif ID found. Original line: U135.3.	Former slave sickens for accustomed food. Spanish Exempla: Keller; India: Thompson-Balys.
Skipped line. No motif ID found. Original line: U135.3.1.	Peasant girl married to king longs for peasant ways of eating. India: Thompson-Balys.
Skipped line. No motif ID found. Original line: U135.3.2.	Peasants fed white bread demand the rye bread to which they are accustomed. Pauli (ed. Bolte). No. 570.
Skipped line. No motif ID found. Original line: U136.	Fisher and hunter exchange catches for variety: soon return to original food. Wienert FFC LVI 81 (ET 475), 111 (ST 227); Japanese: Ikeda.
Skipped line. No motif ID found. Original line: U136.1.	Dissatisfied workmen exchange work: still more dissatisfied. Bød- ker Exempler 276 No. 14; India: Thompson-Balys.
Skipped line. No motif ID found. Original line: J512.7.	Mouse, bird, and sausage keep house together. When they exchange duties all goes wrong.
Skipped line. No motif ID found. Original line: J2431.	A man undertakes to do his wife's work. All goes wrong.   ## p. 424 (#428) ############################################  424 Motif-Index of Folk-Literature
Skipped line. No motif ID found. Original line: U136.2.	Beasts and fishes exchange places: fatal to both. India: Thomp- son-Balys.
Skipped line. No motif ID found. Original line: U137.	Mill horse when taken to war keeps going in a circle, as he has learned in the mill. *Liebrecht 110f.
Skipped line. No motif ID found. Original line: U138.	Habit of dishonesty (thievery) cannot be broken.
Skipped line. No motif ID found. Original line: U138.1.	Dishonest silversmith restless until silver ornament is mixed with alloy. India: Thompson-Balys.
Skipped line. No motif ID found. Original line: U138.2.	Thieves cannot quit plundering. India: Thompson-Balys.
Skipped line. No motif ID found. Original line: U139.	Power of habit-miscellaneous.
Skipped line. No motif ID found. Original line: U139.1.	Habitual food and drink continued even when it is harmful. Bødker Exempler.
Skipped line. No motif ID found. Original line: U139.2.	Conservatism defies reason.
Skipped line. No motif ID found. Original line: U139.2.1.	Conservative but absurd way of slaughtering hog stubbornly kept. India: Thompson-Balys.
Skipped line. No motif ID found. Original line: U140.	One man's food is another man's poison. Wienert FFC LVI 121.
Skipped line. No motif ID found. Original line: U141.	Enmity between fisherman and dweller on the river. Fishing stirs up the water and makes it unfit for drinking. (Cf.
Skipped line. No motif ID found. Original line: U31.	) Wienert FFC LVI 84 (ET 512), 121 (ST 303); Halm Aesop No. 25.
Skipped line. No motif ID found. Original line: U142.	Ox likes loving strokes of man; flea fears them. Wienert FFC LVI 60 (ET 223), 121 (ST 307); Halm Aesop No. 426.
Skipped line. No motif ID found. Original line: U143.	Collier and fuller cannot live together: one makes things clean, the other soils them. Wienert FFC LVI 85 (ET 513), 121 (ST 305); Halm Aesop No. 59.
Skipped line. No motif ID found. Original line: U144.	Nightingale cannot lodge with birds whose nest is made of manure. Spanish Exempla: Keller.
Skipped line. No motif ID found. Original line: U146.	Royalty unable to endure coarse entertainment.
Skipped line. No motif ID found. Original line: H41.1.	Princess on the pea.
Skipped line. No motif ID found. Original line: U146.1.	Coarse food, etc., sends adulterous king back to his wife. India: Thompson-Balys.
Skipped line. No motif ID found. Original line: U147.	Animals try unsuccessfully to exchange food. India: *Thompson- Balys.
Skipped line. No motif ID found. Original line: B392.1.	Animals grateful for appropriate food,
Skipped line. No motif ID found. Original line: J512.	Animal should not try to change his nature.
Skipped line. No motif ID found. Original line: J1565.1.	Fox and crane invite each other.
Skipped line. No motif ID found. Original line: J1903.	Absurd ignorance concerning animal's eating and drinking.
Skipped line. No motif ID found. Original line: U148.	Good weather for one is foul for another. Cf. Heywood's Play of the Weather.
Skipped line. No motif ID found. Original line: U148.1.	Bird wants sunshine, worm clouds. India: Thompson-Balys.
Skipped line. No motif ID found. Original line: U149.	What is one man's food is another man's poison-miscellaneous.
Skipped line. No motif ID found. Original line: U149.1.	Lions despise what asses admire (braying). India: Thompson- Balys.
Skipped line. No motif ID found. Original line: U150.	Indifference of the miserable.
Skipped line. No motif ID found. Original line: U151.	Ass indifferent to enemy's approach: he could be no more miserable than now. Wienert FFC LVI 71 (ET 352), 144 (ST 498).   ## p. 425 (#429) ############################################  U. The nature of life 425
Skipped line. No motif ID found. Original line: U160.	Misfortune with oneself to blame the hardest. Wienert FFC LVI 117.
Skipped line. No motif ID found. Original line: U161.	Eagle killed with arrow made with his own feather. Wienert FFC LVI *64 (ET 277), 117 (ST 273); Halm Aesop No. 4; Spanish Exempla: Keller.
Skipped line. No motif ID found. Original line: U162.	Tree cut down with axe for which it has furnished a handle. Wienert FFC LXI *74 (ET 388), 117 (ST 274); Halm Aesop No. 123; Jewish: *Neuman; India: Thompson-Balys.
Skipped line. No motif ID found. Original line: U170.	Behavior of the blind.
Skipped line. No motif ID found. Original line: N388.	Blind men accidentally hurt each other.
Skipped line. No motif ID found. Original line: U171.	Blind man crosses a narrow bridge which his guide is afraid to attempt. Alphabet No. 140.
Skipped line. No motif ID found. Original line: U172.	Two blind men succeed in fooling each other about their blind- ness. India: Thompson-Balys.
Skipped line. No motif ID found. Original line: U173.	Futile attempt to explain to a blind man meaning of "white". India: Thompson-Balys.
Skipped line. No motif ID found. Original line: U180.	In vino veritas.. Jewish: *Neuman.
Skipped line. No motif ID found. Original line: U181.	Man unable to persuade wife to confess misdeed to priest succeeds when he makes her drunk. (Cf.
Skipped line. No motif ID found. Original line: J1141.	) Pauli (ed. Bolte) No. 242.
Skipped line. No motif ID found. Original line: U210.	Bad ruler, bad subject.
Skipped line. No motif ID found. Original line: U211.	No great knights now because no great kings. Pauli (ed. Bolte) No. 531.
Skipped line. No motif ID found. Original line: U212.	To have good servants a lord must be good. Pauli (ed. Bolte) No. 532.
Skipped line. No motif ID found. Original line: U220.	Forced peace valueless.
Skipped line. No motif ID found. Original line: U221.	Monk under pressure from abbot forgives the crucifix which has fallen and hurt him. He says that nevertheless there will always be hatred between them. *Wesselski Arlotto II 222 No. 90; *Pauli (ed. Bolte) No. 336.
Skipped line. No motif ID found. Original line: U230.	The nature of sin.
Skipped line. No motif ID found. Original line: U230.0.1.	Monk leaves monastery when he sees a devil there tempting brethren. Returns when in the world he sees scores of devils tempting the people. Spanish Exempla: Keller.
Skipped line. No motif ID found. Original line: U231.	Hermit having rebuked youth falls himself when exposed to the same sin. Herbert III 5; *Crane Vitry 169 No. 81.
Skipped line. No motif ID found. Original line: U231.1.	Monk rebukes brethern who succumb to temptation. When he is exposed to it he understands what temptation is. Spanish Ex- empla: Keller.
Skipped line. No motif ID found. Original line: U232.	No place secret enough for sin. Alphabet No. 3; Wienert FFC LVI 80 (ET 458), 138 (ST 441); Halm No. 354.
Skipped line. No motif ID found. Original line: T331.4.	No. place secret enough for fornication. Monk thus repels temptress.
Skipped line. No motif ID found. Original line: U235.	Lying is incurable. A father asks about his son. When he hears that he lies, he gives the son up as hopeless. Other sins may be out- grown. Pauli (ed. Bolte) No. 393; Spanish Exempla: Keller.   ## p. 426 (#430) ############################################  426 Motif-Index of Folk-Literature
Skipped line. No motif ID found. Original line: U235.1.	Liar cannot be healed even when taking bath in the Ganges. India: Thompson-Balys.
Skipped line. No motif ID found. Original line: U236.	False repentance of the sick. Wolf having eaten too much meat promises God to eat no more meat. When he becomes well he eats as before. Pauli (ed. Bolte) No. 307.
Skipped line. No motif ID found. Original line: U236.1.	False repentance of the sick, rich man. After his death it was discovered that he had intended to retrieve his money from church if he recovered. Spanish Exempla: Keller.
Skipped line. No motif ID found. Original line: K231.3.	Refusal to make sacrifice after need is past.
Skipped line. No motif ID found. Original line: M266.	Man promises to build church if he is saved at sea.
Skipped line. No motif ID found. Original line: U240.	Power of mind over body.
Skipped line. No motif ID found. Original line: J2317.	Well man made to believe that he is sick.
Skipped line. No motif ID found. Original line: K1889.2.	Deceptive cure by illusion.
Skipped line. No motif ID found. Original line: U241.	King grows lean from fear of death. *Chauvin VIII 181 No. 213. Hares fearing death outrun pursuing dogs. Wienert FFC LVI 51 (ET 103), 142 (ST 476); Japanese: Ikeda.
Skipped line. No motif ID found. Original line: U242.
Skipped line. No motif ID found. Original line: U242.1.	The hare's last will. Surrounded by hunters and hounds, the hare considers to whom each of his members will be allotted. Succeeds in escaping. Lithuanian: Balys Index No. 160*; Prussian: Plenzat 8.
Skipped line. No motif ID found. Original line: U243.	Courage conquers all and impossible is made possible. India: Thompson-Balys.
Skipped line. No motif ID found. Original line: U250.	Shortness of life. Jewish: *Neuman.
Skipped line. No motif ID found. Original line: U251.	The bad custom in the world: the young die as well as the old. Hence youth enters monastery. *Crane Vitry 184 No. 116; Alphabet No. 212; *Mensa Philosophica No. 181.
Skipped line. No motif ID found. Original line: U260.	Passage of time.
Skipped line. No motif ID found. Original line: U261.	Time seems short to those who play, long for those who wait. So says servant girl whose mistress upbraids her for late hours. Wesselski Bebel I 185 No. 39.
Skipped line. No motif ID found. Original line: U262.	Suffering healed by time. Jewish: *Neuman.
Skipped line. No motif ID found. Original line: U270.	Security breeds indifference.
Skipped line. No motif ID found. Original line: U271.	Cat ceases catching rats as soon as he is given a home in a mo- nastery. Thus with lazy priests. Pauli (ed. Bolte) No. 573.
